<?xml version="1.0" encoding="UTF-8"?>
<testng-results skipped="0" failed="0" total="1" passed="1">
  <reporter-output>
  </reporter-output>
  <suite name="FirstTestCase" duration-ms="21150" started-at="2018-11-30T05:19:14Z" finished-at="2018-11-30T05:19:35Z">
    <groups>
    </groups>
    <test name="Command line test" duration-ms="21150" started-at="2018-11-30T05:19:14Z" finished-at="2018-11-30T05:19:35Z">
      <class name="FirstTestCase">
        <test-method status="PASS" signature="setUpMethod()[pri:0, instance:FirstTestCase@6fadae5d]" name="setUpMethod" is-config="true" duration-ms="16012" started-at="2018-11-30T11:04:14Z" finished-at="2018-11-30T11:04:30Z">
          <reporter-output>
          </reporter-output>
        </test-method> <!-- setUpMethod -->
        <test-method status="PASS" signature="main()[pri:0, instance:FirstTestCase@6fadae5d]" name="main" duration-ms="224" started-at="2018-11-30T11:04:30Z" finished-at="2018-11-30T11:04:30Z">
          <reporter-output>
          </reporter-output>
        </test-method> <!-- main -->
        <test-method status="PASS" signature="tearDownMethod()[pri:0, instance:FirstTestCase@6fadae5d]" name="tearDownMethod" is-config="true" duration-ms="4886" started-at="2018-11-30T11:04:30Z" finished-at="2018-11-30T11:04:35Z">
          <reporter-output>
          </reporter-output>
        </test-method> <!-- tearDownMethod -->
      </class> <!-- FirstTestCase -->
    </test> <!-- Command line test -->
  </suite> <!-- FirstTestCase -->
</testng-results>
